2025-09-09 13:59:21,333 - advanced_example - DEBUG - 08_logging_exceptions.py:271 - test_advanced_logging() - è°ƒè¯•ä¿¡æ¯ - åªåœ¨æ–‡ä»¶ä¸­è®°å½•
2025-09-09 13:59:21,333 - advanced_example - [32mINFO[0m - 08_logging_exceptions.py:272 - test_advanced_logging() - ä¿¡æ¯æ—¥å¿— - æ§åˆ¶å°å’Œæ–‡ä»¶
2025-09-09 13:59:21,334 - advanced_example - [33mWARNING[0m - 08_logging_exceptions.py:273 - test_advanced_logging() - è­¦å‘Šä¿¡æ¯ - æ‰€æœ‰å¤„ç†å™¨
2025-09-09 13:59:21,334 - advanced_example - [31mERROR[0m - 08_logging_exceptions.py:274 - test_advanced_logging() - é”™è¯¯ä¿¡æ¯ - æ‰€æœ‰å¤„ç†å™¨
2025-09-09 13:59:21,335 - advanced_example - [31mERROR[0m - 08_logging_exceptions.py:280 - test_advanced_logging() - è¿™æ˜¯ä¸€ä¸ªæµ‹è¯•å¼‚å¸¸
Traceback (most recent call last):
  File "/Users/guojianli/Documents/python/python-awesome-basic-coding/18-exception-handling/08_logging_exceptions.py", line 278, in test_advanced_logging
    raise ValueError("æµ‹è¯•å¼‚å¸¸")
ValueError: æµ‹è¯•å¼‚å¸¸
2025-09-09 13:59:21,337 - advanced_example - [33mWARNING[0m - 08_logging_exceptions.py:284 - test_advanced_logging() - æ‰¹é‡æ—¥å¿—æµ‹è¯• 1/10
2025-09-09 13:59:21,337 - advanced_example - [33mWARNING[0m - 08_logging_exceptions.py:284 - test_advanced_logging() - æ‰¹é‡æ—¥å¿—æµ‹è¯• 2/10
2025-09-09 13:59:21,338 - advanced_example - [33mWARNING[0m - 08_logging_exceptions.py:284 - test_advanced_logging() - æ‰¹é‡æ—¥å¿—æµ‹è¯• 3/10
2025-09-09 13:59:21,339 - advanced_example - [33mWARNING[0m - 08_logging_exceptions.py:284 - test_advanced_logging() - æ‰¹é‡æ—¥å¿—æµ‹è¯• 4/10
2025-09-09 13:59:21,339 - advanced_example - [33mWARNING[0m - 08_logging_exceptions.py:284 - test_advanced_logging() - æ‰¹é‡æ—¥å¿—æµ‹è¯• 5/10
2025-09-09 13:59:21,339 - advanced_example - [33mWARNING[0m - 08_logging_exceptions.py:284 - test_advanced_logging() - æ‰¹é‡æ—¥å¿—æµ‹è¯• 6/10
2025-09-09 13:59:21,339 - advanced_example - [33mWARNING[0m - 08_logging_exceptions.py:284 - test_advanced_logging() - æ‰¹é‡æ—¥å¿—æµ‹è¯• 7/10
2025-09-09 13:59:21,339 - advanced_example - [33mWARNING[0m - 08_logging_exceptions.py:284 - test_advanced_logging() - æ‰¹é‡æ—¥å¿—æµ‹è¯• 8/10
2025-09-09 13:59:21,339 - advanced_example - [33mWARNING[0m - 08_logging_exceptions.py:284 - test_advanced_logging() - æ‰¹é‡æ—¥å¿—æµ‹è¯• 9/10
2025-09-09 13:59:21,339 - advanced_example - [33mWARNING[0m - 08_logging_exceptions.py:284 - test_advanced_logging() - æ‰¹é‡æ—¥å¿—æµ‹è¯• 10/10
2025-09-09 13:59:38,571 - advanced_example - DEBUG - 08_logging_exceptions.py:271 - test_advanced_logging() - è°ƒè¯•ä¿¡æ¯ - åªåœ¨æ–‡ä»¶ä¸­è®°å½•
2025-09-09 13:59:38,572 - advanced_example - [32mINFO[0m - 08_logging_exceptions.py:272 - test_advanced_logging() - ä¿¡æ¯æ—¥å¿— - æ§åˆ¶å°å’Œæ–‡ä»¶
2025-09-09 13:59:38,572 - advanced_example - [33mWARNING[0m - 08_logging_exceptions.py:273 - test_advanced_logging() - è­¦å‘Šä¿¡æ¯ - æ‰€æœ‰å¤„ç†å™¨
2025-09-09 13:59:38,572 - advanced_example - [31mERROR[0m - 08_logging_exceptions.py:274 - test_advanced_logging() - é”™è¯¯ä¿¡æ¯ - æ‰€æœ‰å¤„ç†å™¨
2025-09-09 13:59:38,572 - advanced_example - [31mERROR[0m - 08_logging_exceptions.py:280 - test_advanced_logging() - è¿™æ˜¯ä¸€ä¸ªæµ‹è¯•å¼‚å¸¸
Traceback (most recent call last):
  File "/Users/guojianli/Documents/python/python-awesome-basic-coding/18-exception-handling/08_logging_exceptions.py", line 278, in test_advanced_logging
    raise ValueError("æµ‹è¯•å¼‚å¸¸")
ValueError: æµ‹è¯•å¼‚å¸¸
2025-09-09 13:59:38,573 - advanced_example - [33mWARNING[0m - 08_logging_exceptions.py:284 - test_advanced_logging() - æ‰¹é‡æ—¥å¿—æµ‹è¯• 1/10
2025-09-09 13:59:38,573 - advanced_example - [33mWARNING[0m - 08_logging_exceptions.py:284 - test_advanced_logging() - æ‰¹é‡æ—¥å¿—æµ‹è¯• 2/10
2025-09-09 13:59:38,573 - advanced_example - [33mWARNING[0m - 08_logging_exceptions.py:284 - test_advanced_logging() - æ‰¹é‡æ—¥å¿—æµ‹è¯• 3/10
2025-09-09 13:59:38,574 - advanced_example - [33mWARNING[0m - 08_logging_exceptions.py:284 - test_advanced_logging() - æ‰¹é‡æ—¥å¿—æµ‹è¯• 4/10
2025-09-09 13:59:38,574 - advanced_example - [33mWARNING[0m - 08_logging_exceptions.py:284 - test_advanced_logging() - æ‰¹é‡æ—¥å¿—æµ‹è¯• 5/10
2025-09-09 13:59:38,574 - advanced_example - [33mWARNING[0m - 08_logging_exceptions.py:284 - test_advanced_logging() - æ‰¹é‡æ—¥å¿—æµ‹è¯• 6/10
2025-09-09 13:59:38,574 - advanced_example - [33mWARNING[0m - 08_logging_exceptions.py:284 - test_advanced_logging() - æ‰¹é‡æ—¥å¿—æµ‹è¯• 7/10
2025-09-09 13:59:38,574 - advanced_example - [33mWARNING[0m - 08_logging_exceptions.py:284 - test_advanced_logging() - æ‰¹é‡æ—¥å¿—æµ‹è¯• 8/10
2025-09-09 13:59:38,574 - advanced_example - [33mWARNING[0m - 08_logging_exceptions.py:284 - test_advanced_logging() - æ‰¹é‡æ—¥å¿—æµ‹è¯• 9/10
2025-09-09 13:59:38,574 - advanced_example - [33mWARNING[0m - 08_logging_exceptions.py:284 - test_advanced_logging() - æ‰¹é‡æ—¥å¿—æµ‹è¯• 10/10
