2025-09-09 13:59:38,682 - myapp - INFO - 34887 - 8590532352 - 应用启动
2025-09-09 13:59:38,682 - myapp - WARNING - 34887 - 8590532352 - 用户操作: login
2025-09-09 13:59:38,683 - myapp - INFO - 34887 - 8590532352 - 性能指标: database_query
2025-09-09 13:59:38,683 - myapp - ERROR - 34887 - 8590532352 - 安全事件: failed_login
2025-09-09 13:59:38,683 - myapp - ERROR - 34887 - 8590532352 - 业务逻辑异常
Traceback (most recent call last):
  File "/Users/guojianli/Documents/python/python-awesome-basic-coding/18-exception-handling/08_logging_exceptions.py", line 895, in test_production_logging
    raise ValueError("无效的用户输入")
ValueError: 无效的用户输入
2025-09-09 13:59:38,683 - myapp - INFO - 34887 - 8590532352 - 批量处理记录 1/100
2025-09-09 13:59:38,683 - myapp - INFO - 34887 - 8590532352 - 批量处理记录 2/100
2025-09-09 13:59:38,683 - myapp - INFO - 34887 - 8590532352 - 批量处理记录 3/100
2025-09-09 13:59:38,683 - myapp - INFO - 34887 - 8590532352 - 批量处理记录 4/100
2025-09-09 13:59:38,683 - myapp - INFO - 34887 - 8590532352 - 批量处理记录 5/100
2025-09-09 13:59:38,683 - myapp - INFO - 34887 - 8590532352 - 批量处理记录 6/100
2025-09-09 13:59:38,683 - myapp - INFO - 34887 - 8590532352 - 批量处理记录 7/100
2025-09-09 13:59:38,683 - myapp - INFO - 34887 - 8590532352 - 批量处理记录 8/100
2025-09-09 13:59:38,683 - myapp - INFO - 34887 - 8590532352 - 批量处理记录 9/100
2025-09-09 13:59:38,683 - myapp - INFO - 34887 - 8590532352 - 批量处理记录 10/100
2025-09-09 13:59:38,683 - myapp - INFO - 34887 - 8590532352 - 批量处理记录 11/100
2025-09-09 13:59:38,683 - myapp - INFO - 34887 - 8590532352 - 批量处理记录 12/100
2025-09-09 13:59:38,684 - myapp - INFO - 34887 - 8590532352 - 批量处理记录 13/100
2025-09-09 13:59:38,684 - myapp - INFO - 34887 - 8590532352 - 批量处理记录 14/100
2025-09-09 13:59:38,684 - myapp - INFO - 34887 - 8590532352 - 批量处理记录 15/100
2025-09-09 13:59:38,684 - myapp - INFO - 34887 - 8590532352 - 批量处理记录 16/100
2025-09-09 13:59:38,684 - myapp - INFO - 34887 - 8590532352 - 批量处理记录 17/100
2025-09-09 13:59:38,684 - myapp - INFO - 34887 - 8590532352 - 批量处理记录 18/100
2025-09-09 13:59:38,684 - myapp - INFO - 34887 - 8590532352 - 批量处理记录 19/100
2025-09-09 13:59:38,684 - myapp - INFO - 34887 - 8590532352 - 批量处理记录 20/100
2025-09-09 13:59:38,684 - myapp - INFO - 34887 - 8590532352 - 批量处理记录 21/100
2025-09-09 13:59:38,684 - myapp - INFO - 34887 - 8590532352 - 批量处理记录 22/100
2025-09-09 13:59:38,684 - myapp - INFO - 34887 - 8590532352 - 批量处理记录 23/100
2025-09-09 13:59:38,684 - myapp - INFO - 34887 - 8590532352 - 批量处理记录 24/100
2025-09-09 13:59:38,684 - myapp - INFO - 34887 - 8590532352 - 批量处理记录 25/100
2025-09-09 13:59:38,684 - myapp - INFO - 34887 - 8590532352 - 批量处理记录 26/100
2025-09-09 13:59:38,684 - myapp - INFO - 34887 - 8590532352 - 批量处理记录 27/100
2025-09-09 13:59:38,684 - myapp - INFO - 34887 - 8590532352 - 批量处理记录 28/100
2025-09-09 13:59:38,684 - myapp - INFO - 34887 - 8590532352 - 批量处理记录 29/100
2025-09-09 13:59:38,684 - myapp - INFO - 34887 - 8590532352 - 批量处理记录 30/100
2025-09-09 13:59:38,684 - myapp - INFO - 34887 - 8590532352 - 批量处理记录 31/100
2025-09-09 13:59:38,684 - myapp - INFO - 34887 - 8590532352 - 批量处理记录 32/100
2025-09-09 13:59:38,684 - myapp - INFO - 34887 - 8590532352 - 批量处理记录 33/100
2025-09-09 13:59:38,684 - myapp - INFO - 34887 - 8590532352 - 批量处理记录 34/100
2025-09-09 13:59:38,684 - myapp - INFO - 34887 - 8590532352 - 批量处理记录 35/100
2025-09-09 13:59:38,684 - myapp - INFO - 34887 - 8590532352 - 批量处理记录 36/100
2025-09-09 13:59:38,685 - myapp - INFO - 34887 - 8590532352 - 批量处理记录 37/100
2025-09-09 13:59:38,685 - myapp - INFO - 34887 - 8590532352 - 批量处理记录 38/100
2025-09-09 13:59:38,685 - myapp - INFO - 34887 - 8590532352 - 批量处理记录 39/100
2025-09-09 13:59:38,685 - myapp - INFO - 34887 - 8590532352 - 批量处理记录 40/100
2025-09-09 13:59:38,685 - myapp - INFO - 34887 - 8590532352 - 批量处理记录 41/100
2025-09-09 13:59:38,685 - myapp - INFO - 34887 - 8590532352 - 批量处理记录 42/100
2025-09-09 13:59:38,685 - myapp - INFO - 34887 - 8590532352 - 批量处理记录 43/100
2025-09-09 13:59:38,685 - myapp - INFO - 34887 - 8590532352 - 批量处理记录 44/100
2025-09-09 13:59:38,685 - myapp - INFO - 34887 - 8590532352 - 批量处理记录 45/100
2025-09-09 13:59:38,685 - myapp - INFO - 34887 - 8590532352 - 批量处理记录 46/100
2025-09-09 13:59:38,685 - myapp - INFO - 34887 - 8590532352 - 批量处理记录 47/100
2025-09-09 13:59:38,685 - myapp - INFO - 34887 - 8590532352 - 批量处理记录 48/100
2025-09-09 13:59:38,685 - myapp - INFO - 34887 - 8590532352 - 批量处理记录 49/100
2025-09-09 13:59:38,685 - myapp - INFO - 34887 - 8590532352 - 批量处理记录 50/100
2025-09-09 13:59:38,685 - myapp - INFO - 34887 - 8590532352 - 批量处理记录 51/100
2025-09-09 13:59:38,685 - myapp - INFO - 34887 - 8590532352 - 批量处理记录 52/100
2025-09-09 13:59:38,685 - myapp - INFO - 34887 - 8590532352 - 批量处理记录 53/100
2025-09-09 13:59:38,685 - myapp - INFO - 34887 - 8590532352 - 批量处理记录 54/100
2025-09-09 13:59:38,685 - myapp - INFO - 34887 - 8590532352 - 批量处理记录 55/100
2025-09-09 13:59:38,685 - myapp - INFO - 34887 - 8590532352 - 批量处理记录 56/100
2025-09-09 13:59:38,685 - myapp - INFO - 34887 - 8590532352 - 批量处理记录 57/100
2025-09-09 13:59:38,685 - myapp - INFO - 34887 - 8590532352 - 批量处理记录 58/100
2025-09-09 13:59:38,685 - myapp - INFO - 34887 - 8590532352 - 批量处理记录 59/100
2025-09-09 13:59:38,685 - myapp - INFO - 34887 - 8590532352 - 批量处理记录 60/100
2025-09-09 13:59:38,685 - myapp - INFO - 34887 - 8590532352 - 批量处理记录 61/100
2025-09-09 13:59:38,686 - myapp - INFO - 34887 - 8590532352 - 批量处理记录 62/100
2025-09-09 13:59:38,686 - myapp - INFO - 34887 - 8590532352 - 批量处理记录 63/100
2025-09-09 13:59:38,686 - myapp - INFO - 34887 - 8590532352 - 批量处理记录 64/100
2025-09-09 13:59:38,686 - myapp - INFO - 34887 - 8590532352 - 批量处理记录 65/100
2025-09-09 13:59:38,686 - myapp - INFO - 34887 - 8590532352 - 批量处理记录 66/100
2025-09-09 13:59:38,686 - myapp - INFO - 34887 - 8590532352 - 批量处理记录 67/100
2025-09-09 13:59:38,686 - myapp - INFO - 34887 - 8590532352 - 批量处理记录 68/100
2025-09-09 13:59:38,686 - myapp - INFO - 34887 - 8590532352 - 批量处理记录 69/100
2025-09-09 13:59:38,686 - myapp - INFO - 34887 - 8590532352 - 批量处理记录 70/100
2025-09-09 13:59:38,686 - myapp - INFO - 34887 - 8590532352 - 批量处理记录 71/100
2025-09-09 13:59:38,686 - myapp - INFO - 34887 - 8590532352 - 批量处理记录 72/100
2025-09-09 13:59:38,686 - myapp - INFO - 34887 - 8590532352 - 批量处理记录 73/100
2025-09-09 13:59:38,686 - myapp - INFO - 34887 - 8590532352 - 批量处理记录 74/100
2025-09-09 13:59:38,686 - myapp - INFO - 34887 - 8590532352 - 批量处理记录 75/100
2025-09-09 13:59:38,686 - myapp - INFO - 34887 - 8590532352 - 批量处理记录 76/100
2025-09-09 13:59:38,686 - myapp - INFO - 34887 - 8590532352 - 批量处理记录 77/100
2025-09-09 13:59:38,686 - myapp - INFO - 34887 - 8590532352 - 批量处理记录 78/100
2025-09-09 13:59:38,686 - myapp - INFO - 34887 - 8590532352 - 批量处理记录 79/100
2025-09-09 13:59:38,686 - myapp - INFO - 34887 - 8590532352 - 批量处理记录 80/100
2025-09-09 13:59:38,686 - myapp - INFO - 34887 - 8590532352 - 批量处理记录 81/100
2025-09-09 13:59:38,687 - myapp - INFO - 34887 - 8590532352 - 批量处理记录 82/100
2025-09-09 13:59:38,687 - myapp - INFO - 34887 - 8590532352 - 批量处理记录 83/100
2025-09-09 13:59:38,687 - myapp - INFO - 34887 - 8590532352 - 批量处理记录 84/100
2025-09-09 13:59:38,687 - myapp - INFO - 34887 - 8590532352 - 批量处理记录 85/100
2025-09-09 13:59:38,687 - myapp - INFO - 34887 - 8590532352 - 批量处理记录 86/100
2025-09-09 13:59:38,687 - myapp - INFO - 34887 - 8590532352 - 批量处理记录 87/100
2025-09-09 13:59:38,687 - myapp - INFO - 34887 - 8590532352 - 批量处理记录 88/100
2025-09-09 13:59:38,687 - myapp - INFO - 34887 - 8590532352 - 批量处理记录 89/100
2025-09-09 13:59:38,687 - myapp - INFO - 34887 - 8590532352 - 批量处理记录 90/100
2025-09-09 13:59:38,687 - myapp - INFO - 34887 - 8590532352 - 批量处理记录 91/100
2025-09-09 13:59:38,687 - myapp - INFO - 34887 - 8590532352 - 批量处理记录 92/100
2025-09-09 13:59:38,687 - myapp - INFO - 34887 - 8590532352 - 批量处理记录 93/100
2025-09-09 13:59:38,687 - myapp - INFO - 34887 - 8590532352 - 批量处理记录 94/100
2025-09-09 13:59:38,687 - myapp - INFO - 34887 - 8590532352 - 批量处理记录 95/100
2025-09-09 13:59:38,687 - myapp - INFO - 34887 - 8590532352 - 批量处理记录 96/100
2025-09-09 13:59:38,687 - myapp - INFO - 34887 - 8590532352 - 批量处理记录 97/100
2025-09-09 13:59:38,687 - myapp - INFO - 34887 - 8590532352 - 批量处理记录 98/100
2025-09-09 13:59:38,687 - myapp - INFO - 34887 - 8590532352 - 批量处理记录 99/100
2025-09-09 13:59:38,687 - myapp - INFO - 34887 - 8590532352 - 批量处理记录 100/100
